<?xml version="1.0" encoding="UTF-8"?>
<testng-results ignored="0" total="2" passed="2" failed="0" skipped="0">
  <reporter-output>
  </reporter-output>
  <suite started-at="2025-07-08T12:05:41 IST" name="Default suite" finished-at="2025-07-08T12:05:54 IST" duration-ms="12996">
    <groups>
    </groups>
    <test started-at="2025-07-08T12:05:41 IST" name="Default test" finished-at="2025-07-08T12:05:54 IST" duration-ms="12996">
      <class name="tests.LoginTest">
        <test-method is-config="true" signature="setup()[pri:0, instance:tests.LoginTest@3349e9bb]" started-at="2025-07-08T12:05:42 IST" name="setup" finished-at="2025-07-08T12:05:51 IST" duration-ms="9126" status="PASS">
          <reporter-output>
          </reporter-output>
        </test-method> <!-- setup -->
        <test-method signature="testLogin(java.lang.String,java.lang.String)[pri:0, instance:tests.LoginTest@3349e9bb]" started-at="2025-07-08T12:05:51 IST" name="testLogin" data-provider="loginData" finished-at="2025-07-08T12:05:51 IST" duration-ms="235" status="PASS">
          <params>
            <param index="0">
              <value>
                <![CDATA[testuser1]]>
              </value>
            </param>
            <param index="1">
              <value>
                <![CDATA[Pass123$]]>
              </value>
            </param>
          </params>
          <reporter-output>
          </reporter-output>
        </test-method> <!-- testLogin -->
        <test-method is-config="true" signature="tearDown()[pri:0, instance:tests.LoginTest@3349e9bb]" started-at="2025-07-08T12:05:51 IST" name="tearDown" finished-at="2025-07-08T12:05:51 IST" duration-ms="259" status="PASS">
          <reporter-output>
          </reporter-output>
        </test-method> <!-- tearDown -->
        <test-method is-config="true" signature="setup()[pri:0, instance:tests.LoginTest@3349e9bb]" started-at="2025-07-08T12:05:51 IST" name="setup" finished-at="2025-07-08T12:05:53 IST" duration-ms="2125" status="PASS">
          <reporter-output>
          </reporter-output>
        </test-method> <!-- setup -->
        <test-method signature="testLogin(java.lang.String,java.lang.String)[pri:0, instance:tests.LoginTest@3349e9bb]" started-at="2025-07-08T12:05:53 IST" name="testLogin" data-provider="loginData" finished-at="2025-07-08T12:05:54 IST" duration-ms="211" status="PASS">
          <params>
            <param index="0">
              <value>
                <![CDATA[testuser2]]>
              </value>
            </param>
            <param index="1">
              <value>
                <![CDATA[Pass1234!]]>
              </value>
            </param>
          </params>
          <reporter-output>
          </reporter-output>
        </test-method> <!-- testLogin -->
        <test-method is-config="true" signature="tearDown()[pri:0, instance:tests.LoginTest@3349e9bb]" started-at="2025-07-08T12:05:54 IST" name="tearDown" finished-at="2025-07-08T12:05:54 IST" duration-ms="183" status="PASS">
          <reporter-output>
          </reporter-output>
        </test-method> <!-- tearDown -->
      </class> <!-- tests.LoginTest -->
    </test> <!-- Default test -->
  </suite> <!-- Default suite -->
</testng-results>
